#
# A fatal error has been detected by the Java Runtime Environment:
#
#  EXCEPTION_ACCESS_VIOLATION (0xc0000005) at pc=0x0000000058e78855, pid=6108, tid=9880
#
# JRE version: Java(TM) SE Runtime Environment (8.0_65-b17) (build 1.8.0_65-b17)
# Java VM: Java HotSpot(TM) 64-Bit Server VM (25.65-b01 mixed mode windows-amd64 compressed oops)
# Problematic frame:
# V  [jvm.dll+0x128855]
#
# Failed to write core dump. Minidumps are not enabled by default on client versions of Windows
#
# If you would like to submit a bug report, please visit:
#   http://bugreport.java.com/bugreport/crash.jsp
#

---------------  T H R E A D  ---------------

Current thread (0x0000000017716800):  JavaThread "JDWP Transport Listener: dt_socket" daemon [_thread_in_vm, id=9880, stack(0x0000000019090000,0x0000000019190000)]

siginfo: ExceptionCode=0xc0000005, reading address 0xffffffffffffffff

Registers:
RAX=0x000000001918f701, RBX=0x0000000017716800, RCX=0x74003b6e6f697463, RDX=0x0000000000000000
RSP=0x000000001918f760, RBP=0x74003b6e6f697463, RSI=0x000000001918f878, RDI=0x00000000028e9b00
R8 =0x0000000017716800, R9 =0x0000000000000000, R10=0x0000000000000000, R11=0x0000000000000064
R12=0x0000000000000000, R13=0x0000000017717318, R14=0x0000000000000000, R15=0x0000000000000000
RIP=0x0000000058e78855, EFLAGS=0x0000000000010206

Top of Stack: (sp=0x000000001918f760)
0x000000001918f760:   0000000017716800 0000000017716800
0x000000001918f770:   000000001918f828 000000005907e19b
0x000000001918f780:   0000000017716800 000000005909a9fd
0x000000001918f790:   000000000000003b 0000000058a99155
0x000000001918f7a0:   0000000017736b38 0000000058aa291e
0x000000001918f7b0:   0000000017716800 0000000000000000
0x000000001918f7c0:   0000000000000000 0000000000000000
0x000000001918f7d0:   74003b6e6f697463 0000000058aa1a15
0x000000001918f7e0:   000000001918f878 000000001918f850
0x000000001918f7f0:   0000000000000001 0000000017736b38
0x000000001918f800:   74003b6e6f697463 0000000058a853b3
0x000000001918f810:   000000001918f940 0000000000000001
0x000000001918f820:   0000000000000001 0000000017736b38
0x000000001918f830:   000000000000000a 0000000000000000
0x000000001918f840:   0000000000000000 0000000000000000
0x000000001918f850:   0000000000000001 0000000058a85571 

Instructions: (pc=0x0000000058e78855)
0x0000000058e78835:   cc cc cc cc cc cc cc cc cc cc cc 48 83 ec 28 48
0x0000000058e78845:   85 c9 75 07 33 c0 48 83 c4 28 c3 48 89 5c 24 20
0x0000000058e78855:   48 8b 19 48 85 db 74 20 48 83 fb 37 74 1a 48 8b
0x0000000058e78865:   13 48 8b cb ff 52 10 84 c0 74 0d 48 8b c3 48 8b 


Register to memory mapping:

RAX=0x000000001918f701 is pointing into the stack for thread: 0x0000000017716800
RBX=0x0000000017716800 is a thread
RCX=0x74003b6e6f697463 is an unknown value
RDX=0x0000000000000000 is an unknown value
RSP=0x000000001918f760 is pointing into the stack for thread: 0x0000000017716800
RBP=0x74003b6e6f697463 is an unknown value
RSI=0x000000001918f878 is pointing into the stack for thread: 0x0000000017716800
RDI=0x00000000028e9b00 is an unknown value
R8 =0x0000000017716800 is a thread
R9 =0x0000000000000000 is an unknown value
R10=0x0000000000000000 is an unknown value
R11=0x0000000000000064 is an unknown value
R12=0x0000000000000000 is an unknown value
R13=0x0000000017717318 is an unknown value
R14=0x0000000000000000 is an unknown value
R15=0x0000000000000000 is an unknown value


Stack: [0x0000000019090000,0x0000000019190000],  sp=0x000000001918f760,  free space=1021k
Native frames: (J=compiled Java code, j=interpreted, Vv=VM code, C=native code)
V  [jvm.dll+0x128855]
V  [jvm.dll+0x34a9fd]
C  [jdwp.dll+0x21a15]
C  [jdwp.dll+0x53b3]
C  [jdwp.dll+0x5571]
C  [jdwp.dll+0xf0a8]
C  [jdwp.dll+0x1f2d5]
C  [jdwp.dll+0x1f4aa]
V  [jvm.dll+0x1bb8f8]
V  [jvm.dll+0x243144]
V  [jvm.dll+0x299f7a]
C  [msvcr100.dll+0x21d9f]
C  [msvcr100.dll+0x21e3b]
C  [KERNEL32.DLL+0x12d92]
C  [ntdll.dll+0x9f64]


---------------  P R O C E S S  ---------------

Java Threads: ( => current thread )
  0x00000000195d5000 JavaThread "Service Thread" daemon [_thread_blocked, id=10656, stack(0x0000000019a90000,0x0000000019b90000)]
  0x00000000195b8800 JavaThread "C1 CompilerThread2" daemon [_thread_blocked, id=9892, stack(0x0000000019990000,0x0000000019a90000)]
  0x0000000017739000 JavaThread "C2 CompilerThread1" daemon [_thread_blocked, id=792, stack(0x0000000019490000,0x0000000019590000)]
  0x0000000017733800 JavaThread "C2 CompilerThread0" daemon [_thread_blocked, id=7420, stack(0x0000000019390000,0x0000000019490000)]
  0x0000000017731000 JavaThread "JDWP Command Reader" daemon [_thread_in_native, id=1712, stack(0x0000000019290000,0x0000000019390000)]
  0x0000000017726000 JavaThread "JDWP Event Helper Thread" daemon [_thread_blocked, id=11240, stack(0x0000000019190000,0x0000000019290000)]
=>0x0000000017716800 JavaThread "JDWP Transport Listener: dt_socket" daemon [_thread_in_vm, id=9880, stack(0x0000000019090000,0x0000000019190000)]
  0x000000001770c800 JavaThread "Attach Listener" daemon [_thread_blocked, id=7716, stack(0x0000000018c50000,0x0000000018d50000)]
  0x000000001770b800 JavaThread "Signal Dispatcher" daemon [_thread_blocked, id=4996, stack(0x0000000018b50000,0x0000000018c50000)]
  0x0000000002b56800 JavaThread "Finalizer" daemon [_thread_blocked, id=5992, stack(0x0000000018970000,0x0000000018a70000)]
  0x0000000002b4e000 JavaThread "Reference Handler" daemon [_thread_blocked, id=2356, stack(0x0000000018870000,0x0000000018970000)]
  0x00000000028ee800 JavaThread "main" [_thread_blocked, id=10424, stack(0x0000000002960000,0x0000000002a60000)]

Other Threads:
  0x00000000176d7000 VMThread [stack: 0x0000000018770000,0x0000000018870000] [id=3068]
  0x00000000195de000 WatcherThread [stack: 0x0000000019b90000,0x0000000019c90000] [id=7236]

VM state:not at safepoint (normal execution)

VM Mutex/Monitor currently owned by a thread: None

Heap:
 PSYoungGen      total 38400K, used 3328K [0x00000000d5980000, 0x00000000d8400000, 0x0000000100000000)
  eden space 33280K, 10% used [0x00000000d5980000,0x00000000d5cc0128,0x00000000d7a00000)
  from space 5120K, 0% used [0x00000000d7f00000,0x00000000d7f00000,0x00000000d8400000)
  to   space 5120K, 0% used [0x00000000d7a00000,0x00000000d7a00000,0x00000000d7f00000)
 ParOldGen       total 87552K, used 0K [0x0000000080c00000, 0x0000000086180000, 0x00000000d5980000)
  object space 87552K, 0% used [0x0000000080c00000,0x0000000080c00000,0x0000000086180000)
 Metaspace       used 3857K, capacity 4906K, committed 5120K, reserved 1056768K
  class space    used 421K, capacity 466K, committed 512K, reserved 1048576K

Card table byte_map: [0x0000000011f20000,0x0000000012320000] byte_map_base: 0x0000000011b1a000

Marking Bits: (ParMarkBitMap*) 0x000000005955a5b0
 Begin Bits: [0x00000000129d0000, 0x00000000149a0000)
 End Bits:   [0x00000000149a0000, 0x0000000016970000)

Polling page: 0x0000000001020000

CodeCache: size=245760Kb used=1180Kb max_used=1180Kb free=244579Kb
 bounds [0x0000000002b60000, 0x0000000002dd0000, 0x0000000011b60000]
 total_blobs=302 nmethods=62 adapters=161
 compilation: enabled

Compilation events (10 events):
Event: 0.144 Thread 0x00000000195b8800   56       1       java.util.ArrayList::size (5 bytes)
Event: 0.144 Thread 0x00000000195b8800 nmethod 56 0x0000000002c84710 code [0x0000000002c84860, 0x0000000002c84970]
Event: 0.144 Thread 0x00000000195b8800   57       3       java.util.concurrent.ConcurrentHashMap::spread (10 bytes)
Event: 0.144 Thread 0x00000000195b8800 nmethod 57 0x0000000002c849d0 code [0x0000000002c84b20, 0x0000000002c84c70]
Event: 0.145 Thread 0x00000000195b8800   58       1       java.lang.ref.Reference::get (5 bytes)
Event: 0.145 Thread 0x00000000195b8800 nmethod 58 0x0000000002c85950 code [0x0000000002c85aa0, 0x0000000002c85bb0]
Event: 4.824 Thread 0x00000000195b8800   59       1       java.nio.Buffer::limit (5 bytes)
Event: 4.824 Thread 0x00000000195b8800 nmethod 59 0x0000000002c85c10 code [0x0000000002c85d60, 0x0000000002c85e70]
Event: 4.824 Thread 0x00000000195b8800   60       3       java.util.concurrent.ConcurrentHashMap::setTabAt (19 bytes)
Event: 4.824 Thread 0x00000000195b8800 nmethod 60 0x0000000002c86290 code [0x0000000002c863e0, 0x0000000002c86550]

GC Heap History (0 events):
No events

Deoptimization events (0 events):
No events

Internal exceptions (6 events):
Event: 0.022 Thread 0x00000000028ee800 Exception <a 'java/lang/NoSuchMethodError': Method sun.misc.Unsafe.defineClass(Ljava/lang/String;[BII)Ljava/lang/Class; name or signature does not match> (0x00000000d5993090) thrown at [C:\workspace\8-2-build-windows-amd64-cygwin\jdk8u65\4987\hotspot\src\s.Ç
Event: 0.022 Thread 0x00000000028ee800 Exception <a 'java/lang/NoSuchMethodError': Method sun.misc.Unsafe.prefetchRead(Ljava/lang/Object;J)V name or signature does not match> (0x00000000d5993378) thrown at [C:\workspace\8-2-build-windows-amd64-cygwin\jdk8u65\4987\hotspot\src\share\vm\prims\jni.¾IY0¦=Á?
Event: 0.135 Thread 0x00000000028ee800 Exception <a 'java/security/PrivilegedActionException'> (0x00000000d5a12678) thrown at [C:\workspace\8-2-build-windows-amd64-cygwin\jdk8u65\4987\hotspot\src\share\vm\prims\jvm.cpp, line 1386]
Event: 0.135 Thread 0x00000000028ee800 Exception <a 'java/security/PrivilegedActionException'> (0x00000000d5a12a70) thrown at [C:\workspace\8-2-build-windows-amd64-cygwin\jdk8u65\4987\hotspot\src\share\vm\prims\jvm.cpp, line 1386]
Event: 0.135 Thread 0x00000000028ee800 Exception <a 'java/security/PrivilegedActionException'> (0x00000000d5a16800) thrown at [C:\workspace\8-2-build-windows-amd64-cygwin\jdk8u65\4987\hotspot\src\share\vm\prims\jvm.cpp, line 1386]
Event: 0.135 Thread 0x00000000028ee800 Exception <a 'java/security/PrivilegedActionException'> (0x00000000d5a16bf8) thrown at [C:\workspace\8-2-build-windows-amd64-cygwin\jdk8u65\4987\hotspot\src\share\vm\prims\jvm.cpp, line 1386]

Events (10 events):
Event: 2613.588 Executing VM operation: GetCurrentLocation
Event: 2613.588 Executing VM operation: GetCurrentLocation done
Event: 2613.588 Executing VM operation: EnterInterpOnlyMode
Event: 2613.588 Executing VM operation: EnterInterpOnlyMode done
Event: 2613.588 Executing VM operation: ChangeSingleStep
Event: 2613.588 Executing VM operation: ChangeSingleStep done
Event: 2613.589 Executing VM operation: ChangeSingleStep
Event: 2613.589 Executing VM operation: ChangeSingleStep done
Event: 2613.590 Executing VM operation: RedefineClasses
Event: 2613.590 Executing VM operation: RedefineClasses done


Dynamic libraries:
0x00007ff652d70000 - 0x00007ff652da7000 	C:\Program Files\Java\jre1.8.0_65\bin\javaw.exe
0x00007ffeb18b0000 - 0x00007ffeb1a71000 	C:\WINDOWS\SYSTEM32\ntdll.dll
0x00007ffeb0160000 - 0x00007ffeb020d000 	C:\WINDOWS\system32\KERNEL32.DLL
0x00007ffeaece0000 - 0x00007ffeaeebd000 	C:\WINDOWS\system32\KERNELBASE.dll
0x00007ffeafc30000 - 0x00007ffeafcd6000 	C:\WINDOWS\system32\ADVAPI32.dll
0x00007ffeaf7a0000 - 0x00007ffeaf83d000 	C:\WINDOWS\system32\msvcrt.dll
0x00007ffeafce0000 - 0x00007ffeafd3b000 	C:\WINDOWS\system32\sechost.dll
0x00007ffeaf4c0000 - 0x00007ffeaf5e6000 	C:\WINDOWS\system32\RPCRT4.dll
0x00007ffeb1760000 - 0x00007ffeb18ae000 	C:\WINDOWS\system32\USER32.dll
0x00007ffeafd40000 - 0x00007ffeafec6000 	C:\WINDOWS\system32\GDI32.dll
0x00007ffeaa430000 - 0x00007ffeaa6a4000 	C:\WINDOWS\WinSxS\amd64_microsoft.windows.common-controls_6595b64144ccf1df_6.0.10240.16384_none_f41f7b285750ef43\COMCTL32.dll
0x00007ffeaf480000 - 0x00007ffeaf4b6000 	C:\WINDOWS\system32\IMM32.DLL
0x00007ffeaf840000 - 0x00007ffeaf99c000 	C:\WINDOWS\system32\MSCTF.dll
0x0000000058ac0000 - 0x0000000058b92000 	C:\Program Files\Java\jre1.8.0_65\bin\msvcr100.dll
0x0000000058d50000 - 0x00000000595d9000 	C:\Program Files\Java\jre1.8.0_65\bin\server\jvm.dll
0x00007ffeaf290000 - 0x00007ffeaf298000 	C:\WINDOWS\system32\PSAPI.DLL
0x00007ffeac960000 - 0x00007ffeac983000 	C:\WINDOWS\SYSTEM32\WINMM.dll
0x00007ffeaaf90000 - 0x00007ffeaaf9a000 	C:\WINDOWS\SYSTEM32\VERSION.dll
0x00007ffea65a0000 - 0x00007ffea65a9000 	C:\WINDOWS\SYSTEM32\WSOCK32.dll
0x00007ffeb0090000 - 0x00007ffeb00f9000 	C:\WINDOWS\system32\WS2_32.dll
0x00007ffeaf9a0000 - 0x00007ffeaf9a8000 	C:\WINDOWS\system32\NSI.dll
0x00007ffeac900000 - 0x00007ffeac92c000 	C:\WINDOWS\SYSTEM32\WINMMBASE.dll
0x00007ffeae380000 - 0x00007ffeae3c4000 	C:\WINDOWS\system32\cfgmgr32.dll
0x00007ffeacbb0000 - 0x00007ffeacbd7000 	C:\WINDOWS\SYSTEM32\DEVOBJ.dll
0x0000000058c60000 - 0x0000000058c6f000 	C:\Program Files\Java\jre1.8.0_65\bin\verify.dll
0x0000000058c30000 - 0x0000000058c59000 	C:\Program Files\Java\jre1.8.0_65\bin\java.dll
0x0000000058a80000 - 0x0000000058ab5000 	C:\Program Files\Java\jre1.8.0_65\bin\jdwp.dll
0x0000000058a70000 - 0x0000000058a78000 	C:\Program Files\Java\jre1.8.0_65\bin\npt.dll
0x0000000058c10000 - 0x0000000058c26000 	C:\Program Files\Java\jre1.8.0_65\bin\zip.dll
0x00007ffeb0230000 - 0x00007ffeb1752000 	C:\WINDOWS\system32\SHELL32.dll
0x00007ffeae6b0000 - 0x00007ffeaecd8000 	C:\WINDOWS\system32\windows.storage.dll
0x00007ffeaf9b0000 - 0x00007ffeafc2c000 	C:\WINDOWS\system32\combase.dll
0x00007ffeaf2a0000 - 0x00007ffeaf2f1000 	C:\WINDOWS\system32\shlwapi.dll
0x00007ffeae370000 - 0x00007ffeae37f000 	C:\WINDOWS\system32\kernel.appcore.dll
0x00007ffeaeec0000 - 0x00007ffeaef73000 	C:\WINDOWS\system32\shcore.dll
0x00007ffeae300000 - 0x00007ffeae34a000 	C:\WINDOWS\system32\powrprof.dll
0x00007ffeae350000 - 0x00007ffeae363000 	C:\WINDOWS\system32\profapi.dll
0x0000000058a60000 - 0x0000000058a69000 	C:\Program Files\Java\jre1.8.0_65\bin\dt_socket.dll
0x00007ffe9ea20000 - 0x00007ffe9ea35000 	C:\WINDOWS\system32\napinsp.dll
0x00007ffe9f0e0000 - 0x00007ffe9f0fa000 	C:\WINDOWS\system32\pnrpnsp.dll
0x00007ffeabe70000 - 0x00007ffeabe88000 	C:\WINDOWS\system32\NLAapi.dll
0x00007ffeadaf0000 - 0x00007ffeadb4d000 	C:\WINDOWS\System32\mswsock.dll
0x00007ffead890000 - 0x00007ffead938000 	C:\WINDOWS\SYSTEM32\DNSAPI.dll
0x00007ffe9f170000 - 0x00007ffe9f17d000 	C:\WINDOWS\System32\winrnr.dll
0x00007ffea7cc0000 - 0x00007ffea7d28000 	C:\WINDOWS\System32\fwpuclnt.dll
0x00007ffeae210000 - 0x00007ffeae238000 	C:\WINDOWS\SYSTEM32\bcrypt.dll
0x00007ffea5060000 - 0x00007ffea506a000 	C:\Windows\System32\rasadhlp.dll
0x00007ffe86660000 - 0x00007ffe867ea000 	C:\WINDOWS\SYSTEM32\dbghelp.dll

VM Arguments:
jvm_args: -agentlib:jdwp=transport=dt_socket,suspend=y,address=localhost:14128 -Dfile.encoding=Cp1250 
java_command: MazeSolver.MazeSolver
java_class_path (initial): D:\Documents\GitHub\MyRepository\Mazes\bin
Launcher Type: SUN_STANDARD

Environment Variables:
PATH=C:/Program Files/Java/jre1.8.0_65/bin/server;C:/Program Files/Java/jre1.8.0_65/bin;C:/Program Files/Java/jre1.8.0_65/lib/amd64;C:\ProgramData\Oracle\Java\javapath;C:\Program Files (x86)\Intel\iCLS Client\;C:\Program Files\Intel\iCLS Client\;C:\Windows\system32;C:\Windows;C:\Windows\System32\Wbem;C:\Windows\System32\WindowsPowerShell\v1.0\;C:\Program Files (x86)\Windows Kits\8.1\Windows Performance Toolkit\;C:\Program Files\Microsoft SQL Server\110\Tools\Binn\;C:\Program Files (x86)\Bitvise SSH Client;C:\Program Files (x86)\Windows Live\Shared;C:\Program Files (x86)\eID klient\;D:\Program Files\TexLive\2014\bin\win32;C:\Program Files (x86)\NVIDIA Corporation\PhysX\Common;C:\Program Files (x86)\Microsoft SDKs\TypeScript\1.0\;C:\Program Files\Microsoft SQL Server\Client SDK\ODBC\110\Tools\Binn\;C:\Program Files (x86)\Microsoft SQL Server\120\Tools\Binn\;C:\Program Files\Microsoft SQL Server\120\Tools\Binn\;C:\Program Files (x86)\Microsoft SQL Server\120\Tools\Binn\ManagementStudio\;C:\Program Files (x86)\Microsoft SQL Server\120\DTS\Binn\;C:\Program Files\Microsoft SQL Server\120\DTS\Binn\;C:\Program Files\Microsoft\Web Platform Installer\;C:\WINDOWS\system32;C:\WINDOWS;C:\WINDOWS\System32\Wbem;C:\WINDOWS\System32\WindowsPowerShell\v1.0\;C:\Program Files\Intel\Intel(R) Management Engine Components\DAL;C:\Program Files\Intel\Intel(R) Management Engine Components\IPT;C:\Program Files (x86)\Skype\Phone\;C:\Users\Jakub Adamus\eclipse\java-mars\eclipse;
USERNAME=Jakub Adamus
OS=Windows_NT
PROCESSOR_IDENTIFIER=Intel64 Family 6 Model 60 Stepping 3, GenuineIntel



---------------  S Y S T E M  ---------------

OS: Windows 10.0 , 64 bit Build 10240 (10.0.10240.16384)

CPU:total 4 (4 cores per cpu, 1 threads per core) family 6 model 60 stepping 3, cmov, cx8, fxsr, mmx, sse, sse2, sse3, ssse3, sse4.1, sse4.2, popcnt, avx, avx2, aes, clmul, erms, lzcnt, tsc, tscinvbit, bmi1, bmi2

Memory: 4k page, physical 8335940k(3370036k free), swap 12357124k(3393496k free)

vm_info: Java HotSpot(TM) 64-Bit Server VM (25.65-b01) for windows-amd64 JRE (1.8.0_65-b17), built on Oct  6 2015 16:39:20 by "java_re" with MS VC++ 10.0 (VS2010)

time: Mon Jan 11 23:04:40 2016
elapsed time: 2613 seconds (0d 0h 43m 33s)

